<?xml version="1.0" encoding="UTF-8"?>
<!-- Generated by org.testng.reporters.JUnitXMLReporter -->
<testsuite ignored="0" hostname="Amods-MacBook-Pro.local" failures="0" tests="6" name="Default test" time="145.045" errors="0" timestamp="21 Sep 2022 19:22:03 GMT">
  <testcase classname="com.actitime.qa.testcases.LogonPageTest" name="loginPageLogoTest" time="0.376"/>
  <testcase classname="com.actitime.qa.testcases.LogonPageTest" name="LoginTest" time="20.02"/>
  <testcase classname="com.actitime.qa.testcases.LogonPageTest" name="LoginTest" time="18.995"/>
  <testcase classname="com.actitime.qa.testcases.LogonPageTest" name="LoginTestInvalid" time="4.18"/>
  <testcase classname="com.actitime.qa.testcases.LogonPageTest" name="LoginTestInvalid" time="5.695"/>
  <testcase classname="com.actitime.qa.testcases.LogonPageTest" name="LoginTestInvalid" time="5.187"/>
</testsuite> <!-- Default test -->
