<?xml version="1.0" encoding="UTF-8"?>
<!-- Generated by org.testng.reporters.JUnitXMLReporter -->
<testsuite ignored="3" hostname="Amods-MacBook-Pro.local" failures="0" tests="1" name="Default test" time="44.945" errors="0" timestamp="21 Sep 2022 20:56:12 GMT">
  <testcase classname="com.actitime.qa.testcases.ViewUsersTest" name="viewAccountInfo" time="1.153"/>
  <testcase classname="com.actitime.qa.testcases.ViewUsersTest" name="changeApprovedAdmin" time="0.0">
    <ignored/>
  </testcase> <!-- changeApprovedAdmin -->
  <testcase classname="com.actitime.qa.testcases.ViewUsersTest" name="changeStatus" time="0.0">
    <ignored/>
  </testcase> <!-- changeStatus -->
  <testcase classname="com.actitime.qa.testcases.ViewUsersTest" name="viewUsersTable" time="0.0">
    <ignored/>
  </testcase> <!-- viewUsersTable -->
</testsuite> <!-- Default test -->
