<?xml version="1.0" encoding="UTF-8"?>
<!-- Generated by org.testng.reporters.JUnitXMLReporter -->
<testsuite ignored="0" hostname="Amods-MacBook-Pro.local" failures="1" tests="15" name="Command line test" time="420.136" errors="0" timestamp="22 Sep 2022 04:38:48 GMT">
  <testcase classname="com.actitime.qa.testcases.ViewUsersTest" name="@BeforeMethod seup" time="44.679">
    <failure type="org.openqa.selenium.ElementClickInterceptedException" message="element click intercepted: Element &amp;lt;a href=&amp;quot;/administration/userlist.do&amp;quot; class=&amp;quot;content employees&amp;quot;&amp;gt;...&amp;lt;/a&amp;gt; is not clickable at point (972, 35). Other element would receive the click: &amp;lt;div id=&amp;quot;welcomeScreenLightbox_content&amp;quot; class=&amp;quot;content&amp;quot;&amp;gt;...&amp;lt;/div&amp;gt;
  (Session info: chrome=105.0.5195.125)
Build info: version: &amp;apos;3.141.59&amp;apos;, revision: &amp;apos;e82be7d358&amp;apos;, time: &amp;apos;2018-11-14T08:17:03&amp;apos;
System info: host: &amp;apos;Amods-MacBook-Pro.local&amp;apos;, ip: &amp;apos;2402:4000:2380:ffdb:4892:eb9c:e658:ab07%en0&amp;apos;, os.name: &amp;apos;Mac OS X&amp;apos;, os.arch: &amp;apos;x86_64&amp;apos;, os.version: &amp;apos;11.5&amp;apos;, java.version: &amp;apos;16.0.1&amp;apos;
Driver info: org.openqa.selenium.chrome.ChromeDriver
Capabilities {acceptInsecureCerts: false, browserName: chrome, browserVersion: 105.0.5195.125, chrome: {chromedriverVersion: 105.0.5195.52 (412c95e51883..., userDataDir: /var/folders/gw/59d_3_md4pz...}, goog:chromeOptions: {debuggerAddress: localhost:65151}, javascriptEnabled: true, networkConnectionEnabled: false, pageLoadStrategy: normal, platform: MAC, platformName: MAC, proxy: Proxy(), setWindowRect: true, strictFileInteractability: false, timeouts: {implicit: 0, pageLoad: 300000, script: 30000}, unhandledPromptBehavior: dismiss and notify, webauthn:extension:credBlob: true, webauthn:extension:largeBlob: true, webauthn:virtualAuthenticators: true}
Session ID: 69acf420430b36ef85b21613fdf8bdae">
      <![CDATA[org.openqa.selenium.ElementClickInterceptedException: element click intercepted: Element <a href="/administration/userlist.do" class="content employees">...</a> is not clickable at point (972, 35). Other element would receive the click: <div id="welcomeScreenLightbox_content" class="content">...</div>
  (Session info: chrome=105.0.5195.125)
Build info: version: '3.141.59', revision: 'e82be7d358', time: '2018-11-14T08:17:03'
System info: host: 'Amods-MacBook-Pro.local', ip: '2402:4000:2380:ffdb:4892:eb9c:e658:ab07%en0', os.name: 'Mac OS X', os.arch: 'x86_64', os.version: '11.5', java.version: '16.0.1'
Driver info: org.openqa.selenium.chrome.ChromeDriver
Capabilities {acceptInsecureCerts: false, browserName: chrome, browserVersion: 105.0.5195.125, chrome: {chromedriverVersion: 105.0.5195.52 (412c95e51883..., userDataDir: /var/folders/gw/59d_3_md4pz...}, goog:chromeOptions: {debuggerAddress: localhost:65151}, javascriptEnabled: true, networkConnectionEnabled: false, pageLoadStrategy: normal, platform: MAC, platformName: MAC, proxy: Proxy(), setWindowRect: true, strictFileInteractability: false, timeouts: {implicit: 0, pageLoad: 300000, script: 30000}, unhandledPromptBehavior: dismiss and notify, webauthn:extension:credBlob: true, webauthn:extension:largeBlob: true, webauthn:virtualAuthenticators: true}
Session ID: 69acf420430b36ef85b21613fdf8bdae
at org.openqa.selenium.remote.http.W3CHttpResponseCodec.createException(W3CHttpResponseCodec.java:187)
at org.openqa.selenium.remote.http.W3CHttpResponseCodec.decode(W3CHttpResponseCodec.java:122)
at org.openqa.selenium.remote.http.W3CHttpResponseCodec.decode(W3CHttpResponseCodec.java:49)
at org.openqa.selenium.remote.HttpCommandExecutor.execute(HttpCommandExecutor.java:158)
at org.openqa.selenium.remote.service.DriverCommandExecutor.execute(DriverCommandExecutor.java:83)
at org.openqa.selenium.remote.RemoteWebDriver.execute(RemoteWebDriver.java:552)
at org.openqa.selenium.remote.RemoteWebElement.execute(RemoteWebElement.java:285)
at org.openqa.selenium.remote.RemoteWebElement.click(RemoteWebElement.java:84)
at org.openqa.selenium.support.events.EventFiringWebDriver$EventFiringWebElement.lambda$new$0(EventFiringWebDriver.java:404)
at jdk.proxy2/jdk.proxy2.$Proxy14.click(Unknown Source)
at org.openqa.selenium.support.events.EventFiringWebDriver$EventFiringWebElement.click(EventFiringWebDriver.java:417)
at org.openqa.selenium.support.pagefactory.internal.LocatingElementHandler.invoke(LocatingElementHandler.java:51)
at jdk.proxy2/jdk.proxy2.$Proxy13.click(Unknown Source)
at com.actitime.qa.pages.ActiPlanPage.clickOnUsersLink(ActiPlanPage.java:46)
at com.actitime.qa.testcases.ViewUsersTest.seup(ViewUsersTest.java:32)
... Removed 49 stack frames]]>
    </failure>
  </testcase> <!-- @BeforeMethod seup -->
  <testcase classname="com.actitime.qa.testcases.ViewUsersTest" name="@AfterMethod tearDown" time="0.0">
    <skipped/>
  </testcase> <!-- @AfterMethod tearDown -->
  <testcase classname="com.actitime.qa.testcases.ViewUsersTest" name="@BeforeMethod seup" time="0.0">
    <skipped/>
  </testcase> <!-- @BeforeMethod seup -->
  <testcase classname="com.actitime.qa.testcases.ViewUsersTest" name="@AfterMethod tearDown" time="0.0">
    <skipped/>
  </testcase> <!-- @AfterMethod tearDown -->
  <testcase classname="com.actitime.qa.testcases.ViewUsersTest" name="viewUsersTable" time="0.894"/>
  <testcase classname="com.actitime.qa.testcases.TimeTrackTest" name="viewTimeTrackTest" time="24.253"/>
  <testcase classname="com.actitime.qa.testcases.LogonPageTest" name="loginPageLogoTest" time="1.204"/>
  <testcase classname="com.actitime.qa.testcases.HomePageTest" name="homePageLogoTest" time="6.785"/>
  <testcase classname="com.actitime.qa.testcases.ViewUsersTest" name="changeStatus" time="2.736">
    <failure type="org.openqa.selenium.ElementClickInterceptedException" message="element click intercepted: Element &amp;lt;span class=&amp;quot;accountTab-accountStateText-span&amp;quot;&amp;gt;...&amp;lt;/span&amp;gt; is not clickable at point (1172, 317). Other element would receive the click: &amp;lt;div class=&amp;quot;loadingMoire welcomeScreenLoadingMoire&amp;quot; style=&amp;quot;display: flex;&amp;quot;&amp;gt;...&amp;lt;/div&amp;gt;
  (Session info: chrome=105.0.5195.125)
Build info: version: &amp;apos;3.141.59&amp;apos;, revision: &amp;apos;e82be7d358&amp;apos;, time: &amp;apos;2018-11-14T08:17:03&amp;apos;
System info: host: &amp;apos;Amods-MacBook-Pro.local&amp;apos;, ip: &amp;apos;2402:4000:2380:ffdb:4892:eb9c:e658:ab07%en0&amp;apos;, os.name: &amp;apos;Mac OS X&amp;apos;, os.arch: &amp;apos;x86_64&amp;apos;, os.version: &amp;apos;11.5&amp;apos;, java.version: &amp;apos;16.0.1&amp;apos;
Driver info: org.openqa.selenium.chrome.ChromeDriver
Capabilities {acceptInsecureCerts: false, browserName: chrome, browserVersion: 105.0.5195.125, chrome: {chromedriverVersion: 105.0.5195.52 (412c95e51883..., userDataDir: /var/folders/gw/59d_3_md4pz...}, goog:chromeOptions: {debuggerAddress: localhost:65097}, javascriptEnabled: true, networkConnectionEnabled: false, pageLoadStrategy: normal, platform: MAC, platformName: MAC, proxy: Proxy(), setWindowRect: true, strictFileInteractability: false, timeouts: {implicit: 0, pageLoad: 300000, script: 30000}, unhandledPromptBehavior: dismiss and notify, webauthn:extension:credBlob: true, webauthn:extension:largeBlob: true, webauthn:virtualAuthenticators: true}
Session ID: 299fdb7ae6821214d07bf4c09fbeb55e">
      <![CDATA[org.openqa.selenium.ElementClickInterceptedException: element click intercepted: Element <span class="accountTab-accountStateText-span">...</span> is not clickable at point (1172, 317). Other element would receive the click: <div class="loadingMoire welcomeScreenLoadingMoire" style="display: flex;">...</div>
  (Session info: chrome=105.0.5195.125)
Build info: version: '3.141.59', revision: 'e82be7d358', time: '2018-11-14T08:17:03'
System info: host: 'Amods-MacBook-Pro.local', ip: '2402:4000:2380:ffdb:4892:eb9c:e658:ab07%en0', os.name: 'Mac OS X', os.arch: 'x86_64', os.version: '11.5', java.version: '16.0.1'
Driver info: org.openqa.selenium.chrome.ChromeDriver
Capabilities {acceptInsecureCerts: false, browserName: chrome, browserVersion: 105.0.5195.125, chrome: {chromedriverVersion: 105.0.5195.52 (412c95e51883..., userDataDir: /var/folders/gw/59d_3_md4pz...}, goog:chromeOptions: {debuggerAddress: localhost:65097}, javascriptEnabled: true, networkConnectionEnabled: false, pageLoadStrategy: normal, platform: MAC, platformName: MAC, proxy: Proxy(), setWindowRect: true, strictFileInteractability: false, timeouts: {implicit: 0, pageLoad: 300000, script: 30000}, unhandledPromptBehavior: dismiss and notify, webauthn:extension:credBlob: true, webauthn:extension:largeBlob: true, webauthn:virtualAuthenticators: true}
Session ID: 299fdb7ae6821214d07bf4c09fbeb55e
at org.openqa.selenium.remote.http.W3CHttpResponseCodec.createException(W3CHttpResponseCodec.java:187)
at org.openqa.selenium.remote.http.W3CHttpResponseCodec.decode(W3CHttpResponseCodec.java:122)
at org.openqa.selenium.remote.http.W3CHttpResponseCodec.decode(W3CHttpResponseCodec.java:49)
at org.openqa.selenium.remote.HttpCommandExecutor.execute(HttpCommandExecutor.java:158)
at org.openqa.selenium.remote.service.DriverCommandExecutor.execute(DriverCommandExecutor.java:83)
at org.openqa.selenium.remote.RemoteWebDriver.execute(RemoteWebDriver.java:552)
at org.openqa.selenium.remote.RemoteWebElement.execute(RemoteWebElement.java:285)
at org.openqa.selenium.remote.RemoteWebElement.click(RemoteWebElement.java:84)
at org.openqa.selenium.support.events.EventFiringWebDriver$EventFiringWebElement.lambda$new$0(EventFiringWebDriver.java:404)
at jdk.proxy2/jdk.proxy2.$Proxy14.click(Unknown Source)
at org.openqa.selenium.support.events.EventFiringWebDriver$EventFiringWebElement.click(EventFiringWebDriver.java:417)
at org.openqa.selenium.support.pagefactory.internal.LocatingElementHandler.invoke(LocatingElementHandler.java:51)
at jdk.proxy2/jdk.proxy2.$Proxy13.click(Unknown Source)
at com.actitime.qa.pages.UsersPage.changeStatus(UsersPage.java:56)
at com.actitime.qa.testcases.ViewUsersTest.changeStatus(ViewUsersTest.java:49)
... Removed 46 stack frames]]>
    </failure>
  </testcase> <!-- changeStatus -->
  <testcase classname="com.actitime.qa.testcases.ViewUsersTest" name="changeApprovedAdmin" time="0.0">
    <skipped/>
  </testcase> <!-- changeApprovedAdmin -->
  <testcase classname="com.actitime.qa.testcases.ViewUsersTest" name="viewAccountInfo" time="0.0">
    <skipped/>
  </testcase> <!-- viewAccountInfo -->
  <testcase classname="com.actitime.qa.testcases.TimeTrackTest" name="rejectTimeTrack" time="13.722"/>
  <testcase classname="com.actitime.qa.testcases.TimeTrackTest" name="approveTimeTrack" time="13.029"/>
  <testcase classname="com.actitime.qa.testcases.LogonPageTest" name="LoginTestInvalid" time="3.743"/>
  <testcase classname="com.actitime.qa.testcases.LogonPageTest" name="LoginTestInvalid" time="4.007"/>
  <testcase classname="com.actitime.qa.testcases.LogonPageTest" name="LoginTestInvalid" time="6.97"/>
  <testcase classname="com.actitime.qa.testcases.LogonPageTest" name="LoginTest" time="9.492"/>
  <testcase classname="com.actitime.qa.testcases.LogonPageTest" name="LoginTest" time="8.115"/>
  <testcase classname="com.actitime.qa.testcases.HomePageTest" name="homePageTaskLinkTest" time="13.499"/>
</testsuite> <!-- Command line test -->
