<?xml version="1.0" encoding="UTF-8"?>
<!-- Generated by org.testng.reporters.JUnitXMLReporter -->
<testsuite ignored="0" hostname="Amods-MacBook-Pro.local" failures="0" tests="5" name="Command line test" time="104.252" errors="0" timestamp="21 Sep 2022 03:49:30 GMT">
  <testcase classname="com.actitime.qa.testcases.LogonPageTest" name="loginPageLogoTest" time="0.327"/>
  <testcase classname="com.actitime.qa.testcases.HomePageTest" name="homePageLogoTest" time="7.36"/>
  <testcase classname="com.actitime.qa.testcases.LogonPageTest" name="LoginTest" time="1.088"/>
  <testcase classname="com.actitime.qa.testcases.LogonPageTest" name="LoginTest" time="1.523"/>
  <testcase classname="com.actitime.qa.testcases.HomePageTest" name="homePageTaskLinkTest" time="13.517"/>
</testsuite> <!-- Command line test -->
