<?xml version="1.0" encoding="UTF-8"?>
<!-- Generated by org.testng.reporters.JUnitXMLReporter -->
<testsuite ignored="0" hostname="Amods-MacBook-Pro.local" failures="1" tests="15" name="Command line test" time="640.007" errors="0" timestamp="22 Sep 2022 06:41:15 GMT">
  <testcase classname="com.actitime.qa.testcases.ViewUsersTest" name="viewUsersTable" time="0.081"/>
  <testcase classname="com.actitime.qa.testcases.TimeTrackTest" name="viewTimeTrackTest" time="25.971"/>
  <testcase classname="com.actitime.qa.testcases.LogonPageTest" name="loginPageLogoTest" time="0.3"/>
  <testcase classname="com.actitime.qa.testcases.HomePageTest" name="homePageLogoTest" time="7.553"/>
  <testcase classname="com.actitime.qa.testcases.ViewUsersTest" name="changeStatus" time="2.138"/>
  <testcase classname="com.actitime.qa.testcases.ViewUsersTest" name="changeApprovedAdmin" time="1.754"/>
  <testcase classname="com.actitime.qa.testcases.ViewUsersTest" name="viewAccountInfo" time="1.586"/>
  <testcase classname="com.actitime.qa.testcases.TimeTrackTest" name="approveTimeTrack" time="13.289"/>
  <testcase classname="com.actitime.qa.testcases.LogonPageTest" name="LoginTestInvalid" time="3.85"/>
  <testcase classname="com.actitime.qa.testcases.LogonPageTest" name="LoginTestInvalid" time="5.488"/>
  <testcase classname="com.actitime.qa.testcases.LogonPageTest" name="LoginTestInvalid" time="4.137"/>
  <testcase classname="com.actitime.qa.testcases.LogonPageTest" name="LoginTest" time="10.154"/>
  <testcase classname="com.actitime.qa.testcases.LogonPageTest" name="LoginTest" time="10.235"/>
  <testcase classname="com.actitime.qa.testcases.HomePageTest" name="homePageTaskLinkTest" time="13.804"/>
  <testcase classname="com.actitime.qa.testcases.TimeTrackTest" name="rejectTimeTrack" time="16.947">
    <failure type="org.openqa.selenium.UnhandledAlertException" message="unexpected alert open: {Alert text : This operation was not applied to some entries because their current status coincides with the operation status.}
  (Session info: chrome=105.0.5195.125): This operation was not applied to some entries because their current status coincides with the operation status.
Build info: version: &amp;apos;3.141.59&amp;apos;, revision: &amp;apos;e82be7d358&amp;apos;, time: &amp;apos;2018-11-14T08:17:03&amp;apos;
System info: host: &amp;apos;Amods-MacBook-Pro.local&amp;apos;, ip: &amp;apos;2402:4000:2380:ffdb:4892:eb9c:e658:ab07%en0&amp;apos;, os.name: &amp;apos;Mac OS X&amp;apos;, os.arch: &amp;apos;x86_64&amp;apos;, os.version: &amp;apos;11.5&amp;apos;, java.version: &amp;apos;16.0.1&amp;apos;
Driver info: org.openqa.selenium.chrome.ChromeDriver
Capabilities {acceptInsecureCerts: false, browserName: chrome, browserVersion: 105.0.5195.125, chrome: {chromedriverVersion: 105.0.5195.52 (412c95e51883..., userDataDir: /var/folders/gw/59d_3_md4pz...}, goog:chromeOptions: {debuggerAddress: localhost:55017}, javascriptEnabled: true, networkConnectionEnabled: false, pageLoadStrategy: normal, platform: MAC, platformName: MAC, proxy: Proxy(), setWindowRect: true, strictFileInteractability: false, timeouts: {implicit: 0, pageLoad: 300000, script: 30000}, unhandledPromptBehavior: dismiss and notify, webauthn:extension:credBlob: true, webauthn:extension:largeBlob: true, webauthn:virtualAuthenticators: true}
Session ID: 71dd4e18c38f466371d3066fa3f5f494
*** Element info: {Using=xpath, value=//*[@id=&amp;quot;approveTTTable&amp;quot;]/tbody[2]/tr[1]/td[6]/a}">
      <![CDATA[org.openqa.selenium.UnhandledAlertException: unexpected alert open: {Alert text : This operation was not applied to some entries because their current status coincides with the operation status.}
  (Session info: chrome=105.0.5195.125): This operation was not applied to some entries because their current status coincides with the operation status.
Build info: version: '3.141.59', revision: 'e82be7d358', time: '2018-11-14T08:17:03'
System info: host: 'Amods-MacBook-Pro.local', ip: '2402:4000:2380:ffdb:4892:eb9c:e658:ab07%en0', os.name: 'Mac OS X', os.arch: 'x86_64', os.version: '11.5', java.version: '16.0.1'
Driver info: org.openqa.selenium.chrome.ChromeDriver
Capabilities {acceptInsecureCerts: false, browserName: chrome, browserVersion: 105.0.5195.125, chrome: {chromedriverVersion: 105.0.5195.52 (412c95e51883..., userDataDir: /var/folders/gw/59d_3_md4pz...}, goog:chromeOptions: {debuggerAddress: localhost:55017}, javascriptEnabled: true, networkConnectionEnabled: false, pageLoadStrategy: normal, platform: MAC, platformName: MAC, proxy: Proxy(), setWindowRect: true, strictFileInteractability: false, timeouts: {implicit: 0, pageLoad: 300000, script: 30000}, unhandledPromptBehavior: dismiss and notify, webauthn:extension:credBlob: true, webauthn:extension:largeBlob: true, webauthn:virtualAuthenticators: true}
Session ID: 71dd4e18c38f466371d3066fa3f5f494
*** Element info: {Using=xpath, value=//*[@id="approveTTTable"]/tbody[2]/tr[1]/td[6]/a}
at org.openqa.selenium.remote.http.W3CHttpResponseCodec.decode(W3CHttpResponseCodec.java:120)
at org.openqa.selenium.remote.http.W3CHttpResponseCodec.decode(W3CHttpResponseCodec.java:49)
at org.openqa.selenium.remote.HttpCommandExecutor.execute(HttpCommandExecutor.java:158)
at org.openqa.selenium.remote.service.DriverCommandExecutor.execute(DriverCommandExecutor.java:83)
at org.openqa.selenium.remote.RemoteWebDriver.execute(RemoteWebDriver.java:552)
at org.openqa.selenium.remote.RemoteWebDriver.findElement(RemoteWebDriver.java:323)
at org.openqa.selenium.remote.RemoteWebDriver.findElementByXPath(RemoteWebDriver.java:428)
at org.openqa.selenium.By$ByXPath.findElement(By.java:353)
at org.openqa.selenium.remote.RemoteWebDriver.findElement(RemoteWebDriver.java:315)
at org.openqa.selenium.support.events.EventFiringWebDriver.lambda$new$1(EventFiringWebDriver.java:105)
at jdk.proxy2/jdk.proxy2.$Proxy8.findElement(Unknown Source)
at org.openqa.selenium.support.events.EventFiringWebDriver.findElement(EventFiringWebDriver.java:194)
at org.openqa.selenium.support.pagefactory.DefaultElementLocator.findElement(DefaultElementLocator.java:69)
at org.openqa.selenium.support.pagefactory.internal.LocatingElementHandler.invoke(LocatingElementHandler.java:38)
at jdk.proxy2/jdk.proxy2.$Proxy13.getText(Unknown Source)
at com.actitime.qa.pages.ApproveTimeTrackPage.rejectSelected(ApproveTimeTrackPage.java:74)
at com.actitime.qa.testcases.TimeTrackTest.rejectTimeTrack(TimeTrackTest.java:57)
... Removed 38 stack frames]]>
    </failure>
  </testcase> <!-- rejectTimeTrack -->
</testsuite> <!-- Command line test -->
