<?xml version="1.0" encoding="UTF-8"?>
<testng-results ignored="0" total="5" passed="5" failed="0" skipped="0">
  <reporter-output>
  </reporter-output>
  <suite started-at="2022-09-21T03:47:45Z" name="Command line suite" finished-at="2022-09-21T03:49:30Z" duration-ms="104252">
    <groups>
    </groups>
    <test started-at="2022-09-21T03:47:45Z" name="Command line test" finished-at="2022-09-21T03:49:30Z" duration-ms="104252">
      <class name="com.actitime.qa.testcases.HomePageTest">
        <test-method is-config="true" signature="seup()[pri:0, instance:com.actitime.qa.testcases.HomePageTest@51cdd8a]" started-at="2022-09-21T03:48:03Z" name="seup" finished-at="2022-09-21T03:48:17Z" duration-ms="13766" status="PASS">
          <reporter-output>
          </reporter-output>
        </test-method> <!-- seup -->
        <test-method signature="homePageLogoTest()[pri:1, instance:com.actitime.qa.testcases.HomePageTest@51cdd8a]" started-at="2022-09-21T03:48:17Z" name="homePageLogoTest" finished-at="2022-09-21T03:48:25Z" duration-ms="7360" status="PASS">
          <reporter-output>
          </reporter-output>
        </test-method> <!-- homePageLogoTest -->
        <test-method is-config="true" signature="tearDown()[pri:0, instance:com.actitime.qa.testcases.HomePageTest@51cdd8a]" started-at="2022-09-21T03:48:25Z" name="tearDown" finished-at="2022-09-21T03:48:25Z" duration-ms="93" status="PASS">
          <reporter-output>
          </reporter-output>
        </test-method> <!-- tearDown -->
        <test-method is-config="true" signature="seup()[pri:0, instance:com.actitime.qa.testcases.HomePageTest@51cdd8a]" started-at="2022-09-21T03:48:59Z" name="seup" finished-at="2022-09-21T03:49:16Z" duration-ms="17294" status="PASS">
          <reporter-output>
          </reporter-output>
        </test-method> <!-- seup -->
        <test-method signature="homePageTaskLinkTest()[pri:2, instance:com.actitime.qa.testcases.HomePageTest@51cdd8a]" started-at="2022-09-21T03:49:16Z" name="homePageTaskLinkTest" finished-at="2022-09-21T03:49:30Z" duration-ms="13517" status="PASS">
          <reporter-output>
          </reporter-output>
        </test-method> <!-- homePageTaskLinkTest -->
        <test-method is-config="true" signature="tearDown()[pri:0, instance:com.actitime.qa.testcases.HomePageTest@51cdd8a]" started-at="2022-09-21T03:49:30Z" name="tearDown" finished-at="2022-09-21T03:49:30Z" duration-ms="97" status="PASS">
          <reporter-output>
          </reporter-output>
        </test-method> <!-- tearDown -->
      </class> <!-- com.actitime.qa.testcases.HomePageTest -->
      <class name="com.actitime.qa.testcases.LogonPageTest">
        <test-method is-config="true" signature="seup()[pri:0, instance:com.actitime.qa.testcases.LogonPageTest@7f13d6e]" started-at="2022-09-21T03:47:45Z" name="seup" finished-at="2022-09-21T03:48:03Z" duration-ms="17573" status="PASS">
          <reporter-output>
          </reporter-output>
        </test-method> <!-- seup -->
        <test-method signature="loginPageLogoTest()[pri:1, instance:com.actitime.qa.testcases.LogonPageTest@7f13d6e]" started-at="2022-09-21T03:48:03Z" name="loginPageLogoTest" finished-at="2022-09-21T03:48:03Z" duration-ms="327" status="PASS">
          <reporter-output>
          </reporter-output>
        </test-method> <!-- loginPageLogoTest -->
        <test-method is-config="true" signature="tearDown()[pri:0, instance:com.actitime.qa.testcases.LogonPageTest@7f13d6e]" started-at="2022-09-21T03:48:03Z" name="tearDown" finished-at="2022-09-21T03:48:03Z" duration-ms="88" status="PASS">
          <reporter-output>
          </reporter-output>
        </test-method> <!-- tearDown -->
        <test-method is-config="true" signature="seup()[pri:0, instance:com.actitime.qa.testcases.LogonPageTest@7f13d6e]" started-at="2022-09-21T03:48:25Z" name="seup" finished-at="2022-09-21T03:48:40Z" duration-ms="14655" status="PASS">
          <reporter-output>
          </reporter-output>
        </test-method> <!-- seup -->
        <test-method signature="LoginTest(java.lang.String, java.lang.String)[pri:2, instance:com.actitime.qa.testcases.LogonPageTest@7f13d6e]" started-at="2022-09-21T03:48:40Z" name="LoginTest" data-provider="getactiTimeTestData" finished-at="2022-09-21T03:48:41Z" duration-ms="1088" status="PASS">
          <params>
            <param index="0">
              <value>
                <![CDATA[admin]]>
              </value>
            </param>
            <param index="1">
              <value>
                <![CDATA[manager]]>
              </value>
            </param>
          </params>
          <reporter-output>
          </reporter-output>
        </test-method> <!-- LoginTest -->
        <test-method is-config="true" signature="tearDown()[pri:0, instance:com.actitime.qa.testcases.LogonPageTest@7f13d6e]" started-at="2022-09-21T03:48:41Z" name="tearDown" finished-at="2022-09-21T03:48:41Z" duration-ms="84" status="PASS">
          <reporter-output>
          </reporter-output>
        </test-method> <!-- tearDown -->
        <test-method is-config="true" signature="seup()[pri:0, instance:com.actitime.qa.testcases.LogonPageTest@7f13d6e]" started-at="2022-09-21T03:48:41Z" name="seup" finished-at="2022-09-21T03:48:57Z" duration-ms="15877" status="PASS">
          <reporter-output>
          </reporter-output>
        </test-method> <!-- seup -->
        <test-method signature="LoginTest(java.lang.String, java.lang.String)[pri:2, instance:com.actitime.qa.testcases.LogonPageTest@7f13d6e]" started-at="2022-09-21T03:48:57Z" name="LoginTest" data-provider="getactiTimeTestData" finished-at="2022-09-21T03:48:59Z" duration-ms="1523" status="PASS">
          <params>
            <param index="0">
              <value>
                <![CDATA[trainee]]>
              </value>
            </param>
            <param index="1">
              <value>
                <![CDATA[trainee]]>
              </value>
            </param>
          </params>
          <reporter-output>
          </reporter-output>
        </test-method> <!-- LoginTest -->
        <test-method is-config="true" signature="tearDown()[pri:0, instance:com.actitime.qa.testcases.LogonPageTest@7f13d6e]" started-at="2022-09-21T03:48:59Z" name="tearDown" finished-at="2022-09-21T03:48:59Z" duration-ms="187" status="PASS">
          <reporter-output>
          </reporter-output>
        </test-method> <!-- tearDown -->
      </class> <!-- com.actitime.qa.testcases.LogonPageTest -->
    </test> <!-- Command line test -->
  </suite> <!-- Command line suite -->
</testng-results>
