<?xml version="1.0" encoding="UTF-8"?>
<testng-results ignored="0" total="15" passed="14" failed="1" skipped="0">
  <reporter-output>
  </reporter-output>
  <suite started-at="2022-09-22T06:30:35Z" name="Command line suite" finished-at="2022-09-22T06:41:15Z" duration-ms="640007">
    <groups>
    </groups>
    <test started-at="2022-09-22T06:30:35Z" name="Command line test" finished-at="2022-09-22T06:41:15Z" duration-ms="640007">
      <class name="com.actitime.qa.testcases.TimeTrackTest">
        <test-method is-config="true" signature="seup()[pri:0, instance:com.actitime.qa.testcases.TimeTrackTest@4b1c1ea0]" started-at="2022-09-22T06:32:09Z" name="seup" finished-at="2022-09-22T06:32:27Z" duration-ms="17503" status="PASS">
          <reporter-output>
          </reporter-output>
        </test-method> <!-- seup -->
        <test-method signature="viewTimeTrackTest()[pri:1, instance:com.actitime.qa.testcases.TimeTrackTest@4b1c1ea0]" started-at="2022-09-22T06:32:27Z" name="viewTimeTrackTest" finished-at="2022-09-22T06:32:53Z" duration-ms="25971" status="PASS">
          <reporter-output>
          </reporter-output>
        </test-method> <!-- viewTimeTrackTest -->
        <test-method is-config="true" signature="tearDown()[pri:0, instance:com.actitime.qa.testcases.TimeTrackTest@4b1c1ea0]" started-at="2022-09-22T06:32:53Z" name="tearDown" finished-at="2022-09-22T06:32:53Z" duration-ms="100" status="PASS">
          <reporter-output>
          </reporter-output>
        </test-method> <!-- tearDown -->
        <test-method is-config="true" signature="seup()[pri:0, instance:com.actitime.qa.testcases.TimeTrackTest@4b1c1ea0]" started-at="2022-09-22T06:38:00Z" name="seup" finished-at="2022-09-22T06:38:14Z" duration-ms="14216" status="PASS">
          <reporter-output>
          </reporter-output>
        </test-method> <!-- seup -->
        <test-method signature="approveTimeTrack()[pri:2, instance:com.actitime.qa.testcases.TimeTrackTest@4b1c1ea0]" started-at="2022-09-22T06:38:14Z" name="approveTimeTrack" finished-at="2022-09-22T06:38:27Z" duration-ms="13289" status="PASS">
          <reporter-output>
          </reporter-output>
        </test-method> <!-- approveTimeTrack -->
        <test-method is-config="true" signature="tearDown()[pri:0, instance:com.actitime.qa.testcases.TimeTrackTest@4b1c1ea0]" started-at="2022-09-22T06:38:27Z" name="tearDown" finished-at="2022-09-22T06:38:27Z" duration-ms="93" status="PASS">
          <reporter-output>
          </reporter-output>
        </test-method> <!-- tearDown -->
        <test-method is-config="true" signature="seup()[pri:0, instance:com.actitime.qa.testcases.TimeTrackTest@4b1c1ea0]" started-at="2022-09-22T06:40:42Z" name="seup" finished-at="2022-09-22T06:40:58Z" duration-ms="15930" status="PASS">
          <reporter-output>
          </reporter-output>
        </test-method> <!-- seup -->
        <test-method signature="rejectTimeTrack()[pri:3, instance:com.actitime.qa.testcases.TimeTrackTest@4b1c1ea0]" started-at="2022-09-22T06:40:58Z" name="rejectTimeTrack" finished-at="2022-09-22T06:41:15Z" duration-ms="16947" status="FAIL">
          <exception class="org.openqa.selenium.UnhandledAlertException">
            <message>
              <![CDATA[unexpected alert open: {Alert text : This operation was not applied to some entries because their current status coincides with the operation status.}
  (Session info: chrome=105.0.5195.125): This operation was not applied to some entries because their current status coincides with the operation status.
Build info: version: '3.141.59', revision: 'e82be7d358', time: '2018-11-14T08:17:03'
System info: host: 'Amods-MacBook-Pro.local', ip: '2402:4000:2380:ffdb:4892:eb9c:e658:ab07%en0', os.name: 'Mac OS X', os.arch: 'x86_64', os.version: '11.5', java.version: '16.0.1'
Driver info: org.openqa.selenium.chrome.ChromeDriver
Capabilities {acceptInsecureCerts: false, browserName: chrome, browserVersion: 105.0.5195.125, chrome: {chromedriverVersion: 105.0.5195.52 (412c95e51883..., userDataDir: /var/folders/gw/59d_3_md4pz...}, goog:chromeOptions: {debuggerAddress: localhost:55017}, javascriptEnabled: true, networkConnectionEnabled: false, pageLoadStrategy: normal, platform: MAC, platformName: MAC, proxy: Proxy(), setWindowRect: true, strictFileInteractability: false, timeouts: {implicit: 0, pageLoad: 300000, script: 30000}, unhandledPromptBehavior: dismiss and notify, webauthn:extension:credBlob: true, webauthn:extension:largeBlob: true, webauthn:virtualAuthenticators: true}
Session ID: 71dd4e18c38f466371d3066fa3f5f494
*** Element info: {Using=xpath, value=//*[@id="approveTTTable"]/tbody[2]/tr[1]/td[6]/a}]]>
            </message>
            <full-stacktrace>
              <![CDATA[org.openqa.selenium.UnhandledAlertException: unexpected alert open: {Alert text : This operation was not applied to some entries because their current status coincides with the operation status.}
  (Session info: chrome=105.0.5195.125): This operation was not applied to some entries because their current status coincides with the operation status.
Build info: version: '3.141.59', revision: 'e82be7d358', time: '2018-11-14T08:17:03'
System info: host: 'Amods-MacBook-Pro.local', ip: '2402:4000:2380:ffdb:4892:eb9c:e658:ab07%en0', os.name: 'Mac OS X', os.arch: 'x86_64', os.version: '11.5', java.version: '16.0.1'
Driver info: org.openqa.selenium.chrome.ChromeDriver
Capabilities {acceptInsecureCerts: false, browserName: chrome, browserVersion: 105.0.5195.125, chrome: {chromedriverVersion: 105.0.5195.52 (412c95e51883..., userDataDir: /var/folders/gw/59d_3_md4pz...}, goog:chromeOptions: {debuggerAddress: localhost:55017}, javascriptEnabled: true, networkConnectionEnabled: false, pageLoadStrategy: normal, platform: MAC, platformName: MAC, proxy: Proxy(), setWindowRect: true, strictFileInteractability: false, timeouts: {implicit: 0, pageLoad: 300000, script: 30000}, unhandledPromptBehavior: dismiss and notify, webauthn:extension:credBlob: true, webauthn:extension:largeBlob: true, webauthn:virtualAuthenticators: true}
Session ID: 71dd4e18c38f466371d3066fa3f5f494
*** Element info: {Using=xpath, value=//*[@id="approveTTTable"]/tbody[2]/tr[1]/td[6]/a}
at org.openqa.selenium.remote.http.W3CHttpResponseCodec.decode(W3CHttpResponseCodec.java:120)
at org.openqa.selenium.remote.http.W3CHttpResponseCodec.decode(W3CHttpResponseCodec.java:49)
at org.openqa.selenium.remote.HttpCommandExecutor.execute(HttpCommandExecutor.java:158)
at org.openqa.selenium.remote.service.DriverCommandExecutor.execute(DriverCommandExecutor.java:83)
at org.openqa.selenium.remote.RemoteWebDriver.execute(RemoteWebDriver.java:552)
at org.openqa.selenium.remote.RemoteWebDriver.findElement(RemoteWebDriver.java:323)
at org.openqa.selenium.remote.RemoteWebDriver.findElementByXPath(RemoteWebDriver.java:428)
at org.openqa.selenium.By$ByXPath.findElement(By.java:353)
at org.openqa.selenium.remote.RemoteWebDriver.findElement(RemoteWebDriver.java:315)
at jdk.internal.reflect.GeneratedMethodAccessor4.invoke(Unknown Source)
at java.base/jdk.internal.reflect.DelegatingMethodAccessorImpl.invoke(DelegatingMethodAccessorImpl.java:43)
at java.base/java.lang.reflect.Method.invoke(Method.java:567)
at org.openqa.selenium.support.events.EventFiringWebDriver.lambda$new$1(EventFiringWebDriver.java:105)
at jdk.proxy2/jdk.proxy2.$Proxy8.findElement(Unknown Source)
at org.openqa.selenium.support.events.EventFiringWebDriver.findElement(EventFiringWebDriver.java:194)
at org.openqa.selenium.support.pagefactory.DefaultElementLocator.findElement(DefaultElementLocator.java:69)
at org.openqa.selenium.support.pagefactory.internal.LocatingElementHandler.invoke(LocatingElementHandler.java:38)
at jdk.proxy2/jdk.proxy2.$Proxy13.getText(Unknown Source)
at com.actitime.qa.pages.ApproveTimeTrackPage.rejectSelected(ApproveTimeTrackPage.java:74)
at com.actitime.qa.testcases.TimeTrackTest.rejectTimeTrack(TimeTrackTest.java:57)
at java.base/jdk.internal.reflect.NativeMethodAccessorImpl.invoke0(Native Method)
at java.base/jdk.internal.reflect.NativeMethodAccessorImpl.invoke(NativeMethodAccessorImpl.java:78)
at java.base/jdk.internal.reflect.DelegatingMethodAccessorImpl.invoke(DelegatingMethodAccessorImpl.java:43)
at java.base/java.lang.reflect.Method.invoke(Method.java:567)
at org.testng.internal.MethodInvocationHelper.invokeMethod(MethodInvocationHelper.java:124)
at org.testng.internal.Invoker.invokeMethod(Invoker.java:583)
at org.testng.internal.Invoker.invokeTestMethod(Invoker.java:719)
at org.testng.internal.Invoker.invokeTestMethods(Invoker.java:989)
at org.testng.internal.TestMethodWorker.invokeTestMethods(TestMethodWorker.java:125)
at org.testng.internal.TestMethodWorker.run(TestMethodWorker.java:109)
at org.testng.TestRunner.privateRun(TestRunner.java:648)
at org.testng.TestRunner.run(TestRunner.java:505)
at org.testng.SuiteRunner.runTest(SuiteRunner.java:455)
at org.testng.SuiteRunner.runSequentially(SuiteRunner.java:450)
at org.testng.SuiteRunner.privateRun(SuiteRunner.java:415)
at org.testng.SuiteRunner.run(SuiteRunner.java:364)
at org.testng.SuiteRunnerWorker.runSuite(SuiteRunnerWorker.java:52)
at org.testng.SuiteRunnerWorker.run(SuiteRunnerWorker.java:84)
at org.testng.TestNG.runSuitesSequentially(TestNG.java:1208)
at org.testng.TestNG.runSuitesLocally(TestNG.java:1137)
at org.testng.TestNG.runSuites(TestNG.java:1049)
at org.testng.TestNG.run(TestNG.java:1017)
at org.apache.maven.surefire.testng.TestNGExecutor.run(TestNGExecutor.java:77)
at org.apache.maven.surefire.testng.TestNGDirectoryTestSuite.executeMulti(TestNGDirectoryTestSuite.java:159)
at org.apache.maven.surefire.testng.TestNGDirectoryTestSuite.execute(TestNGDirectoryTestSuite.java:99)
at org.apache.maven.surefire.testng.TestNGProvider.invoke(TestNGProvider.java:106)
at java.base/jdk.internal.reflect.NativeMethodAccessorImpl.invoke0(Native Method)
at java.base/jdk.internal.reflect.NativeMethodAccessorImpl.invoke(NativeMethodAccessorImpl.java:78)
at java.base/jdk.internal.reflect.DelegatingMethodAccessorImpl.invoke(DelegatingMethodAccessorImpl.java:43)
at java.base/java.lang.reflect.Method.invoke(Method.java:567)
at org.apache.maven.surefire.util.ReflectionUtils.invokeMethodWithArray(ReflectionUtils.java:189)
at org.apache.maven.surefire.booter.ProviderFactory$ProviderProxy.invoke(ProviderFactory.java:165)
at org.apache.maven.surefire.booter.ProviderFactory.invokeProvider(ProviderFactory.java:85)
at org.apache.maven.surefire.booter.ForkedBooter.runSuitesInProcess(ForkedBooter.java:115)
at org.apache.maven.surefire.booter.ForkedBooter.main(ForkedBooter.java:75)
]]>
            </full-stacktrace>
          </exception> <!-- org.openqa.selenium.UnhandledAlertException -->
          <reporter-output>
          </reporter-output>
        </test-method> <!-- rejectTimeTrack -->
        <test-method is-config="true" signature="tearDown()[pri:0, instance:com.actitime.qa.testcases.TimeTrackTest@4b1c1ea0]" started-at="2022-09-22T06:41:15Z" name="tearDown" finished-at="2022-09-22T06:41:15Z" duration-ms="197" status="PASS">
          <reporter-output>
          </reporter-output>
        </test-method> <!-- tearDown -->
      </class> <!-- com.actitime.qa.testcases.TimeTrackTest -->
      <class name="com.actitime.qa.testcases.HomePageTest">
        <test-method is-config="true" signature="seup()[pri:0, instance:com.actitime.qa.testcases.HomePageTest@4d41cee]" started-at="2022-09-22T06:33:09Z" name="seup" finished-at="2022-09-22T06:33:24Z" duration-ms="15430" status="PASS">
          <reporter-output>
          </reporter-output>
        </test-method> <!-- seup -->
        <test-method signature="homePageLogoTest()[pri:1, instance:com.actitime.qa.testcases.HomePageTest@4d41cee]" started-at="2022-09-22T06:33:24Z" name="homePageLogoTest" finished-at="2022-09-22T06:33:32Z" duration-ms="7553" status="PASS">
          <reporter-output>
          </reporter-output>
        </test-method> <!-- homePageLogoTest -->
        <test-method is-config="true" signature="tearDown()[pri:0, instance:com.actitime.qa.testcases.HomePageTest@4d41cee]" started-at="2022-09-22T06:33:32Z" name="tearDown" finished-at="2022-09-22T06:33:32Z" duration-ms="91" status="PASS">
          <reporter-output>
          </reporter-output>
        </test-method> <!-- tearDown -->
        <test-method is-config="true" signature="seup()[pri:0, instance:com.actitime.qa.testcases.HomePageTest@4d41cee]" started-at="2022-09-22T06:40:12Z" name="seup" finished-at="2022-09-22T06:40:28Z" duration-ms="16035" status="PASS">
          <reporter-output>
          </reporter-output>
        </test-method> <!-- seup -->
        <test-method signature="homePageTaskLinkTest()[pri:2, instance:com.actitime.qa.testcases.HomePageTest@4d41cee]" started-at="2022-09-22T06:40:28Z" name="homePageTaskLinkTest" finished-at="2022-09-22T06:40:42Z" duration-ms="13804" status="PASS">
          <reporter-output>
          </reporter-output>
        </test-method> <!-- homePageTaskLinkTest -->
        <test-method is-config="true" signature="tearDown()[pri:0, instance:com.actitime.qa.testcases.HomePageTest@4d41cee]" started-at="2022-09-22T06:40:42Z" name="tearDown" finished-at="2022-09-22T06:40:42Z" duration-ms="95" status="PASS">
          <reporter-output>
          </reporter-output>
        </test-method> <!-- tearDown -->
      </class> <!-- com.actitime.qa.testcases.HomePageTest -->
      <class name="com.actitime.qa.testcases.ViewUsersTest">
        <test-method is-config="true" signature="seup()[pri:0, instance:com.actitime.qa.testcases.ViewUsersTest@6acdbdf5]" started-at="2022-09-22T06:30:35Z" name="seup" finished-at="2022-09-22T06:32:09Z" duration-ms="93914" status="PASS">
          <reporter-output>
          </reporter-output>
        </test-method> <!-- seup -->
        <test-method signature="viewUsersTable()[pri:1, instance:com.actitime.qa.testcases.ViewUsersTest@6acdbdf5]" started-at="2022-09-22T06:32:09Z" name="viewUsersTable" finished-at="2022-09-22T06:32:09Z" duration-ms="81" status="PASS">
          <reporter-output>
          </reporter-output>
        </test-method> <!-- viewUsersTable -->
        <test-method is-config="true" signature="tearDown()[pri:0, instance:com.actitime.qa.testcases.ViewUsersTest@6acdbdf5]" started-at="2022-09-22T06:32:09Z" name="tearDown" finished-at="2022-09-22T06:32:09Z" duration-ms="224" status="PASS">
          <reporter-output>
          </reporter-output>
        </test-method> <!-- tearDown -->
        <test-method is-config="true" signature="seup()[pri:0, instance:com.actitime.qa.testcases.ViewUsersTest@6acdbdf5]" started-at="2022-09-22T06:33:32Z" name="seup" finished-at="2022-09-22T06:35:00Z" duration-ms="87640" status="PASS">
          <reporter-output>
          </reporter-output>
        </test-method> <!-- seup -->
        <test-method signature="changeStatus()[pri:2, instance:com.actitime.qa.testcases.ViewUsersTest@6acdbdf5]" started-at="2022-09-22T06:35:00Z" name="changeStatus" finished-at="2022-09-22T06:35:02Z" duration-ms="2138" status="PASS">
          <reporter-output>
          </reporter-output>
        </test-method> <!-- changeStatus -->
        <test-method is-config="true" signature="tearDown()[pri:0, instance:com.actitime.qa.testcases.ViewUsersTest@6acdbdf5]" started-at="2022-09-22T06:35:02Z" name="tearDown" finished-at="2022-09-22T06:35:02Z" duration-ms="135" status="PASS">
          <reporter-output>
          </reporter-output>
        </test-method> <!-- tearDown -->
        <test-method is-config="true" signature="seup()[pri:0, instance:com.actitime.qa.testcases.ViewUsersTest@6acdbdf5]" started-at="2022-09-22T06:35:02Z" name="seup" finished-at="2022-09-22T06:36:30Z" duration-ms="88142" status="PASS">
          <reporter-output>
          </reporter-output>
        </test-method> <!-- seup -->
        <test-method signature="changeApprovedAdmin()[pri:2, instance:com.actitime.qa.testcases.ViewUsersTest@6acdbdf5]" started-at="2022-09-22T06:36:30Z" name="changeApprovedAdmin" finished-at="2022-09-22T06:36:32Z" duration-ms="1754" status="PASS">
          <reporter-output>
          </reporter-output>
        </test-method> <!-- changeApprovedAdmin -->
        <test-method is-config="true" signature="tearDown()[pri:0, instance:com.actitime.qa.testcases.ViewUsersTest@6acdbdf5]" started-at="2022-09-22T06:36:32Z" name="tearDown" finished-at="2022-09-22T06:36:32Z" duration-ms="133" status="PASS">
          <reporter-output>
          </reporter-output>
        </test-method> <!-- tearDown -->
        <test-method is-config="true" signature="seup()[pri:0, instance:com.actitime.qa.testcases.ViewUsersTest@6acdbdf5]" started-at="2022-09-22T06:36:32Z" name="seup" finished-at="2022-09-22T06:37:58Z" duration-ms="86042" status="PASS">
          <reporter-output>
          </reporter-output>
        </test-method> <!-- seup -->
        <test-method signature="viewAccountInfo()[pri:2, instance:com.actitime.qa.testcases.ViewUsersTest@6acdbdf5]" started-at="2022-09-22T06:37:58Z" name="viewAccountInfo" finished-at="2022-09-22T06:37:59Z" duration-ms="1586" status="PASS">
          <reporter-output>
          </reporter-output>
        </test-method> <!-- viewAccountInfo -->
        <test-method is-config="true" signature="tearDown()[pri:0, instance:com.actitime.qa.testcases.ViewUsersTest@6acdbdf5]" started-at="2022-09-22T06:37:59Z" name="tearDown" finished-at="2022-09-22T06:38:00Z" duration-ms="141" status="PASS">
          <reporter-output>
          </reporter-output>
        </test-method> <!-- tearDown -->
      </class> <!-- com.actitime.qa.testcases.ViewUsersTest -->
      <class name="com.actitime.qa.testcases.LogonPageTest">
        <test-method is-config="true" signature="seup()[pri:0, instance:com.actitime.qa.testcases.LogonPageTest@17579e0f]" started-at="2022-09-22T06:32:53Z" name="seup" finished-at="2022-09-22T06:33:08Z" duration-ms="15492" status="PASS">
          <reporter-output>
          </reporter-output>
        </test-method> <!-- seup -->
        <test-method signature="loginPageLogoTest()[pri:1, instance:com.actitime.qa.testcases.LogonPageTest@17579e0f]" started-at="2022-09-22T06:33:08Z" name="loginPageLogoTest" finished-at="2022-09-22T06:33:09Z" duration-ms="300" status="PASS">
          <reporter-output>
          </reporter-output>
        </test-method> <!-- loginPageLogoTest -->
        <test-method is-config="true" signature="tearDown()[pri:0, instance:com.actitime.qa.testcases.LogonPageTest@17579e0f]" started-at="2022-09-22T06:33:09Z" name="tearDown" finished-at="2022-09-22T06:33:09Z" duration-ms="85" status="PASS">
          <reporter-output>
          </reporter-output>
        </test-method> <!-- tearDown -->
        <test-method is-config="true" signature="seup()[pri:0, instance:com.actitime.qa.testcases.LogonPageTest@17579e0f]" started-at="2022-09-22T06:38:28Z" name="seup" finished-at="2022-09-22T06:38:42Z" duration-ms="13923" status="PASS">
          <reporter-output>
          </reporter-output>
        </test-method> <!-- seup -->
        <test-method signature="LoginTestInvalid(java.lang.String, java.lang.String)[pri:2, instance:com.actitime.qa.testcases.LogonPageTest@17579e0f]" started-at="2022-09-22T06:38:42Z" name="LoginTestInvalid" data-provider="getactiTimeTestInvalidData" finished-at="2022-09-22T06:38:46Z" duration-ms="3850" status="PASS">
          <params>
            <param index="0">
              <value>
                <![CDATA[admin]]>
              </value>
            </param>
            <param index="1">
              <value>
                <![CDATA[amod12]]>
              </value>
            </param>
          </params>
          <reporter-output>
          </reporter-output>
        </test-method> <!-- LoginTestInvalid -->
        <test-method is-config="true" signature="tearDown()[pri:0, instance:com.actitime.qa.testcases.LogonPageTest@17579e0f]" started-at="2022-09-22T06:38:46Z" name="tearDown" finished-at="2022-09-22T06:38:46Z" duration-ms="89" status="PASS">
          <reporter-output>
          </reporter-output>
        </test-method> <!-- tearDown -->
        <test-method is-config="true" signature="seup()[pri:0, instance:com.actitime.qa.testcases.LogonPageTest@17579e0f]" started-at="2022-09-22T06:38:46Z" name="seup" finished-at="2022-09-22T06:38:57Z" duration-ms="11585" status="PASS">
          <reporter-output>
          </reporter-output>
        </test-method> <!-- seup -->
        <test-method signature="LoginTestInvalid(java.lang.String, java.lang.String)[pri:2, instance:com.actitime.qa.testcases.LogonPageTest@17579e0f]" started-at="2022-09-22T06:38:57Z" name="LoginTestInvalid" data-provider="getactiTimeTestInvalidData" finished-at="2022-09-22T06:39:03Z" duration-ms="5488" status="PASS">
          <params>
            <param index="0">
              <value>
                <![CDATA[pathi123]]>
              </value>
            </param>
            <param index="1">
              <value>
                <![CDATA[manager]]>
              </value>
            </param>
          </params>
          <reporter-output>
          </reporter-output>
        </test-method> <!-- LoginTestInvalid -->
        <test-method is-config="true" signature="tearDown()[pri:0, instance:com.actitime.qa.testcases.LogonPageTest@17579e0f]" started-at="2022-09-22T06:39:03Z" name="tearDown" finished-at="2022-09-22T06:39:03Z" duration-ms="99" status="PASS">
          <reporter-output>
          </reporter-output>
        </test-method> <!-- tearDown -->
        <test-method is-config="true" signature="seup()[pri:0, instance:com.actitime.qa.testcases.LogonPageTest@17579e0f]" started-at="2022-09-22T06:39:03Z" name="seup" finished-at="2022-09-22T06:39:18Z" duration-ms="15099" status="PASS">
          <reporter-output>
          </reporter-output>
        </test-method> <!-- seup -->
        <test-method signature="LoginTestInvalid(java.lang.String, java.lang.String)[pri:2, instance:com.actitime.qa.testcases.LogonPageTest@17579e0f]" started-at="2022-09-22T06:39:18Z" name="LoginTestInvalid" data-provider="getactiTimeTestInvalidData" finished-at="2022-09-22T06:39:22Z" duration-ms="4137" status="PASS">
          <params>
            <param index="0">
              <value>
                <![CDATA[lakshman]]>
              </value>
            </param>
            <param index="1">
              <value>
                <![CDATA[hulzi14]]>
              </value>
            </param>
          </params>
          <reporter-output>
          </reporter-output>
        </test-method> <!-- LoginTestInvalid -->
        <test-method is-config="true" signature="tearDown()[pri:0, instance:com.actitime.qa.testcases.LogonPageTest@17579e0f]" started-at="2022-09-22T06:39:22Z" name="tearDown" finished-at="2022-09-22T06:39:22Z" duration-ms="91" status="PASS">
          <reporter-output>
          </reporter-output>
        </test-method> <!-- tearDown -->
        <test-method is-config="true" signature="seup()[pri:0, instance:com.actitime.qa.testcases.LogonPageTest@17579e0f]" started-at="2022-09-22T06:39:23Z" name="seup" finished-at="2022-09-22T06:39:38Z" duration-ms="15557" status="PASS">
          <reporter-output>
          </reporter-output>
        </test-method> <!-- seup -->
        <test-method signature="LoginTest(java.lang.String, java.lang.String)[pri:2, instance:com.actitime.qa.testcases.LogonPageTest@17579e0f]" started-at="2022-09-22T06:39:38Z" name="LoginTest" data-provider="getactiTimeTestData" finished-at="2022-09-22T06:39:48Z" duration-ms="10154" status="PASS">
          <params>
            <param index="0">
              <value>
                <![CDATA[admin]]>
              </value>
            </param>
            <param index="1">
              <value>
                <![CDATA[manager]]>
              </value>
            </param>
          </params>
          <reporter-output>
          </reporter-output>
        </test-method> <!-- LoginTest -->
        <test-method is-config="true" signature="tearDown()[pri:0, instance:com.actitime.qa.testcases.LogonPageTest@17579e0f]" started-at="2022-09-22T06:39:48Z" name="tearDown" finished-at="2022-09-22T06:39:48Z" duration-ms="93" status="PASS">
          <reporter-output>
          </reporter-output>
        </test-method> <!-- tearDown -->
        <test-method is-config="true" signature="seup()[pri:0, instance:com.actitime.qa.testcases.LogonPageTest@17579e0f]" started-at="2022-09-22T06:39:48Z" name="seup" finished-at="2022-09-22T06:40:02Z" duration-ms="13453" status="PASS">
          <reporter-output>
          </reporter-output>
        </test-method> <!-- seup -->
        <test-method signature="LoginTest(java.lang.String, java.lang.String)[pri:2, instance:com.actitime.qa.testcases.LogonPageTest@17579e0f]" started-at="2022-09-22T06:40:02Z" name="LoginTest" data-provider="getactiTimeTestData" finished-at="2022-09-22T06:40:12Z" duration-ms="10235" status="PASS">
          <params>
            <param index="0">
              <value>
                <![CDATA[trainee]]>
              </value>
            </param>
            <param index="1">
              <value>
                <![CDATA[trainee]]>
              </value>
            </param>
          </params>
          <reporter-output>
          </reporter-output>
        </test-method> <!-- LoginTest -->
        <test-method is-config="true" signature="tearDown()[pri:0, instance:com.actitime.qa.testcases.LogonPageTest@17579e0f]" started-at="2022-09-22T06:40:12Z" name="tearDown" finished-at="2022-09-22T06:40:12Z" duration-ms="86" status="PASS">
          <reporter-output>
          </reporter-output>
        </test-method> <!-- tearDown -->
      </class> <!-- com.actitime.qa.testcases.LogonPageTest -->
    </test> <!-- Command line test -->
  </suite> <!-- Command line suite -->
</testng-results>
