<?xml version="1.0" encoding="UTF-8"?>
<testng-results ignored="3" total="4" passed="1" failed="0" skipped="0">
  <reporter-output>
  </reporter-output>
  <suite started-at="2022-09-21T20:55:27Z" name="Default suite" finished-at="2022-09-21T20:56:12Z" duration-ms="44945">
    <groups>
    </groups>
    <test started-at="2022-09-21T20:55:27Z" name="Default test" finished-at="2022-09-21T20:56:12Z" duration-ms="44945">
      <class name="com.actitime.qa.testcases.ViewUsersTest">
        <test-method is-config="true" signature="seup()[pri:0, instance:com.actitime.qa.testcases.ViewUsersTest@428640fa]" started-at="2022-09-21T20:55:27Z" name="seup" finished-at="2022-09-21T20:56:11Z" duration-ms="43645" status="PASS">
          <reporter-output>
          </reporter-output>
        </test-method> <!-- seup -->
        <test-method signature="viewAccountInfo()[pri:2, instance:com.actitime.qa.testcases.ViewUsersTest@428640fa]" started-at="2022-09-21T20:56:11Z" name="viewAccountInfo" finished-at="2022-09-21T20:56:12Z" duration-ms="1153" status="PASS">
          <reporter-output>
          </reporter-output>
        </test-method> <!-- viewAccountInfo -->
        <test-method is-config="true" signature="tearDown()[pri:0, instance:com.actitime.qa.testcases.ViewUsersTest@428640fa]" started-at="2022-09-21T20:56:12Z" name="tearDown" finished-at="2022-09-21T20:56:12Z" duration-ms="116" status="PASS">
          <reporter-output>
          </reporter-output>
        </test-method> <!-- tearDown -->
      </class> <!-- com.actitime.qa.testcases.ViewUsersTest -->
    </test> <!-- Default test -->
  </suite> <!-- Default suite -->
</testng-results>
